Checking SAT with 64 assertions on stack... Done!
AQS Built, contains 16755 states and 58852 edges. 
AQS contains one or more errors, and may not be complete.
Building Constraints for 4 error(s)... Done!
Checking SAT with 22542 assertions on stack... Done!
UNSAT! Relaxed bound to 1
Checking SAT with 22542 assertions on stack... Done!
AQS Built, contains 19067 states and 65989 edges. 
AQS contains one or more errors, and may not be complete.
Building Constraints for 2 error(s)... Done!
Checking SAT with 22543 assertions on stack... Done!
AQS Built, contains 17070 states and 59845 edges. 
AQS contains one or more errors, and may not be complete.
Building Constraints for 2 error(s)... Done!
Checking SAT with 22544 assertions on stack... Done!
AQS Built, contains 17070 states and 59843 edges. 
AQS contains one or more errors, and may not be complete.
Building Constraints for 2 error(s)... Done!
Checking SAT with 22545 assertions on stack... Done!
AQS Built, contains 17070 states and 59843 edges. 
AQS contains one or more errors, and may not be complete.
Building Constraints for 2 error(s)... Done!
Checking SAT with 22546 assertions on stack... Done!
AQS Built, contains 17070 states and 59843 edges. 
AQS contains one or more errors, and may not be complete.
Building Constraints for 2 error(s)... Done!
Checking SAT with 22547 assertions on stack... Done!
AQS Built, contains 17070 states and 59843 edges. 
AQS contains one or more errors, and may not be complete.
Building Constraints for 2 error(s)... Done!
Checking SAT with 22548 assertions on stack... Done!
AQS Built, contains 17070 states and 59843 edges. 
AQS contains one or more errors, and may not be complete.
Building Constraints for 2 error(s)... Done!
Checking SAT with 22549 assertions on stack... Done!
AQS Built, contains 17070 states and 59843 edges. 
AQS contains one or more errors, and may not be complete.
Building Constraints for 2 error(s)... Done!
Checking SAT with 22550 assertions on stack... Done!
AQS Built, contains 17070 states and 59843 edges. 
AQS contains one or more errors, and may not be complete.
Building Constraints for 2 error(s)... Done!
Checking SAT with 22551 assertions on stack... Done!
AQS Built, contains 17708 states and 61764 edges. 
AQS contains one or more errors, and may not be complete.
Building Constraints for 2 error(s)... Done!
Checking SAT with 22552 assertions on stack... Done!
AQS Built, contains 17070 states and 59843 edges. 
AQS contains one or more errors, and may not be complete.
Building Constraints for 2 error(s)... Done!
Checking SAT with 22553 assertions on stack... Done!
AQS Built, contains 17070 states and 59843 edges. 
AQS contains one or more errors, and may not be complete.
Building Constraints for 2 error(s)... Done!
Checking SAT with 22554 assertions on stack... Done!
AQS Built, contains 18275 states and 63491 edges. 
AQS contains one or more errors, and may not be complete.
Building Constraints for 2 error(s)... Done!
Checking SAT with 22555 assertions on stack... Done!
AQS Built, contains 18311 states and 64013 edges. 
AQS contains one or more errors, and may not be complete.
Building Constraints for 2 error(s)... Done!
Checking SAT with 22556 assertions on stack... Done!
AQS Built, contains 17556 states and 59900 edges. 
AQS contains one or more errors, and may not be complete.
Building Constraints for 2 error(s)... Done!
Checking SAT with 22557 assertions on stack... Done!
AQS Built, contains 17554 states and 61340 edges. 
AQS contains one or more errors, and may not be complete.
Building Constraints for 2 error(s)... Done!
Checking SAT with 22558 assertions on stack... Done!
AQS Built, contains 17070 states and 59843 edges. 
AQS contains one or more errors, and may not be complete.
Building Constraints for 2 error(s)... Done!
Checking SAT with 22559 assertions on stack... Done!
AQS Built, contains 18369 states and 61730 edges. 
AQS contains one or more errors, and may not be complete.
Building Constraints for 2 error(s)... Done!
Checking SAT with 22560 assertions on stack... Done!
AQS Built, contains 17070 states and 59843 edges. 
AQS contains one or more errors, and may not be complete.
Building Constraints for 2 error(s)... Done!
Checking SAT with 22561 assertions on stack... Done!
AQS Built, contains 17070 states and 59843 edges. 
AQS contains one or more errors, and may not be complete.
Building Constraints for 2 error(s)... Done!
Checking SAT with 22562 assertions on stack... Done!
AQS Built, contains 17070 states and 59843 edges. 
AQS contains one or more errors, and may not be complete.
Building Constraints for 2 error(s)... Done!
Checking SAT with 22563 assertions on stack... Done!
AQS Built, contains 17070 states and 59843 edges. 
AQS contains one or more errors, and may not be complete.
Building Constraints for 2 error(s)... Done!
Checking SAT with 22564 assertions on stack... Done!
AQS Built, contains 17522 states and 61276 edges. 
AQS contains one or more errors, and may not be complete.
Building Constraints for 2 error(s)... Done!
Checking SAT with 22565 assertions on stack... Done!
AQS Built, contains 17958 states and 60502 edges. 
AQS contains one or more errors, and may not be complete.
Building Constraints for 2 error(s)... Done!
Checking SAT with 22566 assertions on stack... Done!
AQS Built, contains 17070 states and 59843 edges. 
AQS contains one or more errors, and may not be complete.
Building Constraints for 2 error(s)... Done!
Checking SAT with 22567 assertions on stack... Done!
AQS Built, contains 17839 states and 62267 edges. 
AQS contains one or more errors, and may not be complete.
Building Constraints for 2 error(s)... Done!
Checking SAT with 22568 assertions on stack... Done!
AQS Built, contains 17070 states and 59843 edges. 
AQS contains one or more errors, and may not be complete.
Building Constraints for 2 error(s)... Done!
Checking SAT with 22569 assertions on stack... Done!
AQS Built, contains 17070 states and 59843 edges. 
AQS contains one or more errors, and may not be complete.
Building Constraints for 2 error(s)... Done!
Checking SAT with 22570 assertions on stack... Done!
AQS Built, contains 17070 states and 59843 edges. 
AQS contains one or more errors, and may not be complete.
Building Constraints for 2 error(s)... Done!
Checking SAT with 22571 assertions on stack... Done!
AQS Built, contains 17070 states and 59843 edges. 
AQS contains one or more errors, and may not be complete.
Building Constraints for 2 error(s)... Done!
Checking SAT with 22572 assertions on stack... Done!
AQS Built, contains 18309 states and 64008 edges. 
AQS contains one or more errors, and may not be complete.
Building Constraints for 2 error(s)... Done!
Checking SAT with 22573 assertions on stack... Done!
UNSAT! Relaxed bound to 2
Checking SAT with 22573 assertions on stack... Done!
AQS Built, contains 18010 states and 62385 edges. 
AQS contains one or more errors, and may not be complete.
Building Constraints for 2 error(s)... Done!
Checking SAT with 22574 assertions on stack... Done!
AQS Built, contains 17387 states and 60834 edges. 
AQS contains one or more errors, and may not be complete.
Building Constraints for 2 error(s)... Done!
Checking SAT with 22575 assertions on stack... Done!
UNSAT! Relaxed bound to 3
Checking SAT with 22575 assertions on stack... Done!
UNSAT! Relaxed bound to 4
Checking SAT with 22575 assertions on stack... Done!
AQS Built, contains 17503 states and 61379 edges. 
AQS contains one or more errors, and may not be complete.
Building Constraints for 2 error(s)... Done!
Checking SAT with 22576 assertions on stack... Done!
AQS Built, contains 17503 states and 61379 edges. 
AQS contains one or more errors, and may not be complete.
Building Constraints for 2 error(s)... Done!
Checking SAT with 22577 assertions on stack... Done!
AQS Built, contains 18866 states and 63393 edges. 
AQS contains one or more errors, and may not be complete.
Building Constraints for 2 error(s)... Done!
Checking SAT with 22578 assertions on stack... Done!
AQS Built, contains 22553 states and 77219 edges. 
AQS contains one or more errors, and may not be complete.
Building Constraints for 2 error(s)... Done!
Checking SAT with 22579 assertions on stack... Done!
AQS Built, contains 21423 states and 74249 edges. 
AQS contains one or more errors, and may not be complete.
Building Constraints for 2 error(s)... Done!
Checking SAT with 22580 assertions on stack... Done!
AQS Built, contains 17503 states and 61379 edges. 
AQS contains one or more errors, and may not be complete.
Building Constraints for 2 error(s)... Done!
Checking SAT with 22581 assertions on stack... Done!
AQS Built, contains 21423 states and 74249 edges. 
AQS contains one or more errors, and may not be complete.
Building Constraints for 2 error(s)... Done!
Checking SAT with 22582 assertions on stack... Done!
AQS Built, contains 17677 states and 61213 edges. 
AQS contains one or more errors, and may not be complete.
Building Constraints for 2 error(s)... Done!
Checking SAT with 22583 assertions on stack... Done!
AQS Built, contains 17418 states and 60602 edges. 
AQS contains one or more errors, and may not be complete.
Building Constraints for 2 error(s)... Done!
Checking SAT with 22584 assertions on stack... Done!
AQS Built, contains 21250 states and 77363 edges. 
AQS contains one or more errors, and may not be complete.
Building Constraints for 2 error(s)... Done!
Checking SAT with 22586 assertions on stack... Done!
AQS Built, contains 17562 states and 60968 edges. 
AQS contains one or more errors, and may not be complete.
Building Constraints for 2 error(s)... Done!
Checking SAT with 22587 assertions on stack... Done!
AQS Built, contains 18109 states and 62244 edges. 
AQS contains one or more errors, and may not be complete.
Building Constraints for 2 error(s)... Done!
Checking SAT with 22588 assertions on stack... Done!
AQS Built, contains 19162 states and 64489 edges. 
AQS contains one or more errors, and may not be complete.
Building Constraints for 2 error(s)... Done!
Checking SAT with 22589 assertions on stack... Done!
AQS Built, contains 19162 states and 64489 edges. 
AQS contains one or more errors, and may not be complete.
Building Constraints for 2 error(s)... Done!
Checking SAT with 22590 assertions on stack... Done!
AQS Built, contains 17302 states and 60290 edges. 
AQS contains one or more errors, and may not be complete.
Building Constraints for 2 error(s)... Done!
Checking SAT with 22591 assertions on stack... Done!
AQS Built, contains 17404 states and 60527 edges. 
AQS contains one or more errors, and may not be complete.
Building Constraints for 2 error(s)... Done!
Checking SAT with 22593 assertions on stack... Done!
AQS Built, contains 17562 states and 60968 edges. 
AQS contains one or more errors, and may not be complete.
Building Constraints for 2 error(s)... Done!
Checking SAT with 22594 assertions on stack... Done!
AQS Built, contains 19165 states and 66270 edges. 
AQS contains one or more errors, and may not be complete.
Building Constraints for 2 error(s)... Done!
Checking SAT with 22595 assertions on stack... Done!
AQS Built, contains 19442 states and 66882 edges. 
AQS contains one or more errors, and may not be complete.
Building Constraints for 2 error(s)... Done!
Checking SAT with 22596 assertions on stack... Done!
AQS Built, contains 17088 states and 59899 edges. 
AQS contains one or more errors, and may not be complete.
Building Constraints for 2 error(s)... Done!
Checking SAT with 22597 assertions on stack... Done!
AQS Built, contains 17106 states and 59933 edges. 
AQS contains one or more errors, and may not be complete.
Building Constraints for 2 error(s)... Done!
Checking SAT with 22599 assertions on stack... Done!
AQS Built, contains 17088 states and 59897 edges. 
AQS contains one or more errors, and may not be complete.
Building Constraints for 2 error(s)... Done!
Checking SAT with 22600 assertions on stack... Done!
AQS Built, contains 17106 states and 59955 edges. 
AQS contains one or more errors, and may not be complete.
Building Constraints for 2 error(s)... Done!
Checking SAT with 22602 assertions on stack... Done!
AQS Built, contains 17088 states and 59897 edges. 
AQS contains one or more errors, and may not be complete.
Building Constraints for 2 error(s)... Done!
Checking SAT with 22603 assertions on stack... Done!
AQS Built, contains 17088 states and 59897 edges. 
AQS contains one or more errors, and may not be complete.
Building Constraints for 2 error(s)... Done!
Checking SAT with 22604 assertions on stack... Done!
AQS Built, contains 17726 states and 61664 edges. 
AQS contains one or more errors, and may not be complete.
Building Constraints for 2 error(s)... Done!
Checking SAT with 22606 assertions on stack... Done!
AQS Built, contains 17100 states and 59916 edges. 
AQS contains one or more errors, and may not be complete.
Building Constraints for 2 error(s)... Done!
Checking SAT with 22608 assertions on stack... Done!
AQS Built, contains 18337 states and 64082 edges. 
AQS contains one or more errors, and may not be complete.
Building Constraints for 2 error(s)... Done!
Checking SAT with 22609 assertions on stack... Done!
AQS Built, contains 17088 states and 59897 edges. 
AQS contains one or more errors, and may not be complete.
Building Constraints for 2 error(s)... Done!
Checking SAT with 22610 assertions on stack... Done!
AQS Built, contains 17706 states and 61393 edges. 
AQS contains one or more errors, and may not be complete.
Building Constraints for 2 error(s)... Done!
Checking SAT with 22612 assertions on stack... Done!
AQS Built, contains 17088 states and 59897 edges. 
AQS contains one or more errors, and may not be complete.
Building Constraints for 2 error(s)... Done!
Checking SAT with 22613 assertions on stack... Done!
AQS Built, contains 17106 states and 59937 edges. 
AQS contains one or more errors, and may not be complete.
Building Constraints for 2 error(s)... Done!
Checking SAT with 22615 assertions on stack... Done!
AQS Built, contains 18303 states and 63565 edges. 
AQS contains one or more errors, and may not be complete.
Building Constraints for 2 error(s)... Done!
Checking SAT with 22616 assertions on stack... Done!
AQS Built, contains 17088 states and 59897 edges. 
AQS contains one or more errors, and may not be complete.
Building Constraints for 2 error(s)... Done!
Checking SAT with 22617 assertions on stack... Done!
AQS Built, contains 17106 states and 59937 edges. 
AQS contains one or more errors, and may not be complete.
Building Constraints for 2 error(s)... Done!
Checking SAT with 22619 assertions on stack... Done!
AQS Built, contains 17840 states and 62207 edges. 
AQS contains one or more errors, and may not be complete.
Building Constraints for 2 error(s)... Done!
Checking SAT with 22620 assertions on stack... Done!
AQS Built, contains 17106 states and 59931 edges. 
AQS contains one or more errors, and may not be complete.
Building Constraints for 2 error(s)... Done!
Checking SAT with 22622 assertions on stack... Done!
AQS Built, contains 17088 states and 59897 edges. 
AQS contains one or more errors, and may not be complete.
Building Constraints for 2 error(s)... Done!
Checking SAT with 22623 assertions on stack... Done!
AQS Built, contains 17106 states and 59937 edges. 
AQS contains one or more errors, and may not be complete.
Building Constraints for 2 error(s)... Done!
Checking SAT with 22625 assertions on stack... Done!
AQS Built, contains 18339 states and 64087 edges. 
AQS contains one or more errors, and may not be complete.
Building Constraints for 2 error(s)... Done!
Checking SAT with 22626 assertions on stack... Done!
AQS Built, contains 17088 states and 59897 edges. 
AQS contains one or more errors, and may not be complete.
Building Constraints for 2 error(s)... Done!
Checking SAT with 22627 assertions on stack... Done!
AQS Built, contains 17106 states and 59937 edges. 
AQS contains one or more errors, and may not be complete.
Building Constraints for 2 error(s)... Done!
Checking SAT with 22629 assertions on stack... Done!
AQS Built, contains 17591 states and 61569 edges. 
AQS contains one or more errors, and may not be complete.
Building Constraints for 2 error(s)... Done!
Checking SAT with 22630 assertions on stack... Done!
AQS Built, contains 17088 states and 59897 edges. 
AQS contains one or more errors, and may not be complete.
Building Constraints for 2 error(s)... Done!
Checking SAT with 22631 assertions on stack... Done!
AQS Built, contains 17106 states and 59937 edges. 
AQS contains one or more errors, and may not be complete.
Building Constraints for 2 error(s)... Done!
Checking SAT with 22633 assertions on stack... Done!
AQS Built, contains 17100 states and 59916 edges. 
AQS contains one or more errors, and may not be complete.
Building Constraints for 2 error(s)... Done!
Checking SAT with 22635 assertions on stack... Done!
AQS Built, contains 17088 states and 59897 edges. 
AQS contains one or more errors, and may not be complete.
Building Constraints for 2 error(s)... Done!
Checking SAT with 22636 assertions on stack... Done!
AQS Built, contains 17106 states and 59937 edges. 
AQS contains one or more errors, and may not be complete.
Building Constraints for 2 error(s)... Done!
Checking SAT with 22638 assertions on stack... Done!
AQS Built, contains 17546 states and 61342 edges. 
AQS contains one or more errors, and may not be complete.
Building Constraints for 2 error(s)... Done!
Checking SAT with 22639 assertions on stack... Done!
AQS Built, contains 17088 states and 59897 edges. 
AQS contains one or more errors, and may not be complete.
Building Constraints for 2 error(s)... Done!
Checking SAT with 22640 assertions on stack... Done!
AQS Built, contains 17106 states and 59937 edges. 
AQS contains one or more errors, and may not be complete.
Building Constraints for 2 error(s)... Done!
Checking SAT with 22642 assertions on stack... Done!
AQS Built, contains 17106 states and 59937 edges. 
AQS contains one or more errors, and may not be complete.
Building Constraints for 2 error(s)... Done!
Checking SAT with 22644 assertions on stack... Done!
AQS Built, contains 17088 states and 59897 edges. 
AQS contains one or more errors, and may not be complete.
Building Constraints for 2 error(s)... Done!
Checking SAT with 22645 assertions on stack... Done!
AQS Built, contains 17106 states and 59937 edges. 
AQS contains one or more errors, and may not be complete.
Building Constraints for 2 error(s)... Done!
Checking SAT with 22647 assertions on stack... Done!
AQS Built, contains 17869 states and 62345 edges. 
AQS contains one or more errors, and may not be complete.
Building Constraints for 2 error(s)... Done!
Checking SAT with 22648 assertions on stack... Done!
AQS Built, contains 17088 states and 59897 edges. 
AQS contains one or more errors, and may not be complete.
Building Constraints for 2 error(s)... Done!
Checking SAT with 22649 assertions on stack... Done!
AQS Built, contains 17106 states and 59937 edges. 
AQS contains one or more errors, and may not be complete.
Building Constraints for 2 error(s)... Done!
Checking SAT with 22651 assertions on stack... Done!
AQS Built, contains 17088 states and 59897 edges. 
AQS contains one or more errors, and may not be complete.
Building Constraints for 2 error(s)... Done!
Checking SAT with 22652 assertions on stack... Done!
AQS Built, contains 17106 states and 59937 edges. 
AQS contains one or more errors, and may not be complete.
Building Constraints for 2 error(s)... Done!
Checking SAT with 22654 assertions on stack... Done!
AQS Built, contains 21322 states and 72832 edges. 
AQS contains one or more errors, and may not be complete.
Building Constraints for 2 error(s)... Done!
Checking SAT with 22655 assertions on stack... Done!
AQS Built, contains 19965 states and 68626 edges. 
AQS contains one or more errors, and may not be complete.
Building Constraints for 2 error(s)... Done!
Checking SAT with 22656 assertions on stack... Done!
AQS Built, contains 21202 states and 72764 edges. 
AQS contains one or more errors, and may not be complete.
Building Constraints for 2 error(s)... Done!
Checking SAT with 22657 assertions on stack... Done!
AQS Built, contains 20284 states and 69782 edges. 
AQS contains one or more errors, and may not be complete.
Building Constraints for 2 error(s)... Done!
Checking SAT with 22658 assertions on stack... Done!
AQS Built, contains 30782 states and 98795 edges. 
AQS contains one or more errors, and may not be complete.
Building Constraints for 2 error(s)... Done!
Checking SAT with 22659 assertions on stack... Done!
AQS Built, contains 19712 states and 67670 edges. 
AQS contains one or more errors, and may not be complete.
Building Constraints for 2 error(s)... Done!
Checking SAT with 22660 assertions on stack... Done!
AQS Built, contains 23483 states and 80282 edges. 
AQS contains one or more errors, and may not be complete.
Building Constraints for 2 error(s)... Done!
Checking SAT with 22661 assertions on stack... Done!
AQS Built, contains 23240 states and 75761 edges. 
AQS contains one or more errors, and may not be complete.
Building Constraints for 2 error(s)... Done!
Checking SAT with 22662 assertions on stack... Done!
AQS Built, contains 23240 states and 75761 edges. 
AQS contains one or more errors, and may not be complete.
Building Constraints for 2 error(s)... Done!
Checking SAT with 22663 assertions on stack... Done!
AQS Built, contains 20382 states and 69232 edges. 
AQS contains one or more errors, and may not be complete.
Building Constraints for 2 error(s)... Done!
Checking SAT with 22664 assertions on stack... Done!
AQS Built, contains 20456 states and 70212 edges. 
AQS contains one or more errors, and may not be complete.
Building Constraints for 2 error(s)... Done!
Checking SAT with 22665 assertions on stack... Done!
AQS Built, contains 21357 states and 72584 edges. 
AQS contains one or more errors, and may not be complete.
Building Constraints for 2 error(s)... Done!
Checking SAT with 22666 assertions on stack... Done!
AQS Built, contains 29927 states and 98045 edges. 
AQS contains one or more errors, and may not be complete.
Building Constraints for 2 error(s)... Done!
Checking SAT with 22667 assertions on stack... Done!
AQS Built, contains 22459 states and 77388 edges. 
AQS contains one or more errors, and may not be complete.
Building Constraints for 2 error(s)... Done!
Checking SAT with 22668 assertions on stack... Done!
AQS Built, contains 23240 states and 75761 edges. 
AQS contains one or more errors, and may not be complete.
Building Constraints for 2 error(s)... Done!
Checking SAT with 22669 assertions on stack... Done!
AQS Built, contains 20919 states and 70086 edges. 
AQS contains one or more errors, and may not be complete.
Building Constraints for 2 error(s)... Done!
Checking SAT with 22670 assertions on stack... Done!
AQS Built, contains 22441 states and 75441 edges. 
AQS contains one or more errors, and may not be complete.
Building Constraints for 2 error(s)... Done!
Checking SAT with 22671 assertions on stack... Done!
AQS Built, contains 32194 states and 107493 edges. 
AQS contains one or more errors, and may not be complete.
Building Constraints for 2 error(s)... Done!
Checking SAT with 22672 assertions on stack... Done!
AQS Built, contains 32194 states and 107493 edges. 
AQS contains one or more errors, and may not be complete.
Building Constraints for 2 error(s)... Done!
Checking SAT with 22673 assertions on stack... Done!
AQS Built, contains 21038 states and 72579 edges. 
AQS contains one or more errors, and may not be complete.
Building Constraints for 2 error(s)... Done!
Checking SAT with 22674 assertions on stack... Done!
AQS Built, contains 32227 states and 104425 edges. 
AQS contains one or more errors, and may not be complete.
Building Constraints for 2 error(s)... Done!
Checking SAT with 22675 assertions on stack... Done!
AQS Built, contains 32194 states and 107493 edges. 
AQS contains one or more errors, and may not be complete.
Building Constraints for 2 error(s)... Done!
Checking SAT with 22676 assertions on stack... Done!
AQS Built, contains 21478 states and 71411 edges. 
AQS contains one or more errors, and may not be complete.
Building Constraints for 2 error(s)... Done!
Checking SAT with 22677 assertions on stack... Done!
AQS Built, contains 22072 states and 76063 edges. 
AQS contains one or more errors, and may not be complete.
Building Constraints for 2 error(s)... Done!
Checking SAT with 22678 assertions on stack... Done!
AQS Built, contains 18698 states and 64698 edges. 
AQS contains one or more errors, and may not be complete.
Building Constraints for 2 error(s)... Done!
Checking SAT with 22680 assertions on stack... Done!
UNSAT! Relaxed bound to 5
Checking SAT with 22680 assertions on stack... Done!
AQS Built, contains 18107 states and 63083 edges. 
AQS contains one or more errors, and may not be complete.
Building Constraints for 2 error(s)... Done!
Checking SAT with 22681 assertions on stack... Done!
AQS Built, contains 18121 states and 63110 edges. 
AQS contains one or more errors, and may not be complete.
Building Constraints for 2 error(s)... Done!
Checking SAT with 22682 assertions on stack... Done!
AQS Built, contains 17411 states and 60914 edges. 
AQS contains one or more errors, and may not be complete.
Building Constraints for 2 error(s)... Done!
Checking SAT with 22683 assertions on stack... Done!
AQS Built, contains 17437 states and 60963 edges. 
AQS contains one or more errors, and may not be complete.
Building Constraints for 2 error(s)... Done!
Checking SAT with 22685 assertions on stack... Done!
AQS Built, contains 20102 states and 69556 edges. 
AQS contains one or more errors, and may not be complete.
Building Constraints for 2 error(s)... Done!
Checking SAT with 22686 assertions on stack... Done!
AQS Built, contains 21396 states and 73032 edges. 
AQS contains one or more errors, and may not be complete.
Building Constraints for 2 error(s)... Done!
Checking SAT with 22687 assertions on stack... Done!
AQS Built, contains 20821 states and 70613 edges. 
AQS contains one or more errors, and may not be complete.
Building Constraints for 2 error(s)... Done!
Checking SAT with 22688 assertions on stack... Done!
AQS Built, contains 19914 states and 68284 edges. 
AQS contains one or more errors, and may not be complete.
Building Constraints for 2 error(s)... Done!
Checking SAT with 22689 assertions on stack... Done!
AQS Built, contains 19644 states and 67606 edges. 
AQS contains one or more errors, and may not be complete.
Building Constraints for 2 error(s)... Done!
Checking SAT with 22690 assertions on stack... Done!
AQS Built, contains 19644 states and 67606 edges. 
AQS contains one or more errors, and may not be complete.
Building Constraints for 2 error(s)... Done!
Checking SAT with 22691 assertions on stack... Done!
AQS Built, contains 19958 states and 68553 edges. 
AQS contains one or more errors, and may not be complete.
Building Constraints for 2 error(s)... Done!
Checking SAT with 22692 assertions on stack... Done!
AQS Built, contains 19958 states and 68553 edges. 
AQS contains one or more errors, and may not be complete.
Building Constraints for 2 error(s)... Done!
Checking SAT with 22693 assertions on stack... Done!
AQS Built, contains 26317 states and 88155 edges. 
AQS contains one or more errors, and may not be complete.
Building Constraints for 2 error(s)... Done!
Checking SAT with 22694 assertions on stack... Done!
AQS Built, contains 36217 states and 117316 edges. 
AQS contains one or more errors, and may not be complete.
Building Constraints for 2 error(s)... Done!
Checking SAT with 22695 assertions on stack... Done!
AQS Built, contains 36217 states and 117316 edges. 
AQS contains one or more errors, and may not be complete.
Building Constraints for 2 error(s)... Done!
Checking SAT with 22696 assertions on stack... Done!
AQS Built, contains 28556 states and 94910 edges. 
AQS contains one or more errors, and may not be complete.
Building Constraints for 2 error(s)... Done!
Checking SAT with 22697 assertions on stack... Done!
AQS Built, contains 36217 states and 117316 edges. 
AQS contains one or more errors, and may not be complete.
Building Constraints for 2 error(s)... Done!
Checking SAT with 22698 assertions on stack... Done!
AQS Built, contains 39149 states and 127184 edges. 
AQS contains one or more errors, and may not be complete.
Building Constraints for 2 error(s)... Done!
Checking SAT with 22699 assertions on stack... Done!
AQS Built, contains 26761 states and 92589 edges. 
AQS contains one or more errors, and may not be complete.
Building Constraints for 2 error(s)... Done!
Checking SAT with 22701 assertions on stack... Done!
AQS Built, contains 19644 states and 67606 edges. 
AQS contains one or more errors, and may not be complete.
Building Constraints for 2 error(s)... Done!
Checking SAT with 22702 assertions on stack... Done!
AQS Built, contains 19644 states and 67606 edges. 
AQS contains one or more errors, and may not be complete.
Building Constraints for 2 error(s)... Done!
Checking SAT with 22703 assertions on stack... Done!
AQS Built, contains 19644 states and 67606 edges. 
AQS contains one or more errors, and may not be complete.
Building Constraints for 2 error(s)... Done!
Checking SAT with 22704 assertions on stack... Done!
AQS Built, contains 19644 states and 67606 edges. 
AQS contains one or more errors, and may not be complete.
Building Constraints for 2 error(s)... Done!
Checking SAT with 22705 assertions on stack... Done!
AQS Built, contains 19644 states and 67606 edges. 
AQS contains one or more errors, and may not be complete.
Building Constraints for 2 error(s)... Done!
Checking SAT with 22706 assertions on stack... Done!
AQS Built, contains 19958 states and 68553 edges. 
AQS contains one or more errors, and may not be complete.
Building Constraints for 2 error(s)... Done!
Checking SAT with 22707 assertions on stack... Done!
AQS Built, contains 19958 states and 68553 edges. 
AQS contains one or more errors, and may not be complete.
Building Constraints for 2 error(s)... Done!
Checking SAT with 22708 assertions on stack... Done!
AQS Built, contains 19958 states and 68553 edges. 
AQS contains one or more errors, and may not be complete.
Building Constraints for 2 error(s)... Done!
Checking SAT with 22709 assertions on stack... Done!
AQS Built, contains 19958 states and 68553 edges. 
AQS contains one or more errors, and may not be complete.
Building Constraints for 2 error(s)... Done!
Checking SAT with 22710 assertions on stack... Done!
AQS Built, contains 29005 states and 95722 edges. 
AQS contains one or more errors, and may not be complete.
Building Constraints for 2 error(s)... Done!
Checking SAT with 22711 assertions on stack... Done!
AQS Built, contains 35000 states and 119271 edges. 
AQS contains one or more errors, and may not be complete.
Building Constraints for 2 error(s)... Done!
Checking SAT with 22712 assertions on stack... Done!
AQS Built, contains 34996 states and 119271 edges. 
AQS contains one or more errors, and may not be complete.
Building Constraints for 2 error(s)... Done!
Checking SAT with 22713 assertions on stack... Done!
AQS Built, contains 28774 states and 99453 edges. 
AQS contains one or more errors, and may not be complete.
Building Constraints for 2 error(s)... Done!
Checking SAT with 22714 assertions on stack... Done!
AQS Built, contains 29913 states and 98788 edges. 
AQS contains one or more errors, and may not be complete.
Building Constraints for 2 error(s)... Done!
Checking SAT with 22715 assertions on stack... Done!
AQS Built, contains 35004 states and 119271 edges. 
AQS contains one or more errors, and may not be complete.
Building Constraints for 2 error(s)... Done!
Checking SAT with 22716 assertions on stack... Done!
AQS Built, contains 21893 states and 74481 edges. 
AQS contains one or more errors, and may not be complete.
Building Constraints for 2 error(s)... Done!
Checking SAT with 22717 assertions on stack... Done!
AQS Built, contains 19958 states and 68553 edges. 
AQS contains one or more errors, and may not be complete.
Building Constraints for 2 error(s)... Done!
Checking SAT with 22718 assertions on stack... Done!
AQS Built, contains 37476 states and 128126 edges. 
AQS contains one or more errors, and may not be complete.
Building Constraints for 2 error(s)... Done!
Checking SAT with 22719 assertions on stack... Done!
UNSAT! Relaxed bound to 6
Checking SAT with 22719 assertions on stack... Done!
AQS Built, contains 19370 states and 66634 edges. 
AQS contains one or more errors, and may not be complete.
Building Constraints for 2 error(s)... Done!
Checking SAT with 22720 assertions on stack... Done!
AQS Built, contains 20183 states and 68676 edges. 
AQS contains one or more errors, and may not be complete.
Building Constraints for 2 error(s)... Done!
Checking SAT with 22721 assertions on stack... Done!
AQS Built, contains 19460 states and 66929 edges. 
AQS contains one or more errors, and may not be complete.
Building Constraints for 2 error(s)... Done!
Checking SAT with 22722 assertions on stack... Done!
AQS Built, contains 19277 states and 66483 edges. 
AQS contains one or more errors, and may not be complete.
Building Constraints for 2 error(s)... Done!
Checking SAT with 22723 assertions on stack... Done!
AQS Built, contains 19263 states and 66528 edges. 
AQS contains one or more errors, and may not be complete.
Building Constraints for 2 error(s)... Done!
Checking SAT with 22724 assertions on stack... Done!
AQS Built, contains 20214 states and 68696 edges. 
AQS contains one or more errors, and may not be complete.
Building Constraints for 2 error(s)... Done!
Checking SAT with 22726 assertions on stack... Done!
AQS Built, contains 22078 states and 74963 edges. 
AQS contains one or more errors, and may not be complete.
Building Constraints for 2 error(s)... Done!
Checking SAT with 22727 assertions on stack... Done!
AQS Built, contains 19269 states and 66543 edges. 
AQS contains one or more errors, and may not be complete.
Building Constraints for 2 error(s)... Done!
Checking SAT with 22728 assertions on stack... Done!
AQS Built, contains 21466 states and 71788 edges. 
AQS contains one or more errors, and may not be complete.
Building Constraints for 2 error(s)... Done!
Checking SAT with 22729 assertions on stack... Done!
AQS Built, contains 22074 states and 73999 edges. 
AQS contains one or more errors, and may not be complete.
Building Constraints for 2 error(s)... Done!
Checking SAT with 22730 assertions on stack... Done!
AQS Built, contains 19670 states and 67339 edges. 
AQS contains one or more errors, and may not be complete.
Building Constraints for 2 error(s)... Done!
Checking SAT with 22731 assertions on stack... Done!
AQS Built, contains 20313 states and 68695 edges. 
AQS contains one or more errors, and may not be complete.
Building Constraints for 2 error(s)... Done!
Checking SAT with 22732 assertions on stack... Done!
AQS Built, contains 19841 states and 67807 edges. 
AQS contains one or more errors, and may not be complete.
Building Constraints for 2 error(s)... Done!
Checking SAT with 22733 assertions on stack... Done!
AQS Built, contains 22593 states and 75802 edges. 
AQS contains one or more errors, and may not be complete.
Building Constraints for 2 error(s)... Done!
Checking SAT with 22734 assertions on stack... Done!
AQS Built, contains 22593 states and 75802 edges. 
AQS contains one or more errors, and may not be complete.
Building Constraints for 2 error(s)... Done!
Checking SAT with 22735 assertions on stack... Done!
AQS Built, contains 22593 states and 75802 edges. 
AQS contains one or more errors, and may not be complete.
Building Constraints for 2 error(s)... Done!
Checking SAT with 22736 assertions on stack... Done!
AQS Built, contains 29908 states and 98186 edges. 
AQS contains one or more errors, and may not be complete.
Building Constraints for 2 error(s)... Done!
Checking SAT with 22737 assertions on stack... Done!
AQS Built, contains 22908 states and 79004 edges. 
AQS contains one or more errors, and may not be complete.
Building Constraints for 2 error(s)... Done!
Checking SAT with 22738 assertions on stack... Done!
AQS Built, contains 18890 states and 64684 edges. 
AQS contains one or more errors, and may not be complete.
Building Constraints for 2 error(s)... Done!
Checking SAT with 22740 assertions on stack... Done!
AQS Built, contains 18700 states and 64242 edges. 
AQS contains one or more errors, and may not be complete.
Building Constraints for 2 error(s)... Done!
Checking SAT with 22742 assertions on stack... Done!
AQS Built, contains 18700 states and 64242 edges. 
AQS contains one or more errors, and may not be complete.
Building Constraints for 2 error(s)... Done!
Checking SAT with 22744 assertions on stack... Done!
AQS Built, contains 18700 states and 64242 edges. 
AQS contains one or more errors, and may not be complete.
Building Constraints for 2 error(s)... Done!
Checking SAT with 22746 assertions on stack... Done!
AQS Built, contains 35589 states and 118473 edges. 
AQS contains one or more errors, and may not be complete.
Building Constraints for 2 error(s)... Done!
Checking SAT with 22747 assertions on stack... Done!
AQS Built, contains 37314 states and 123568 edges. 
AQS contains one or more errors, and may not be complete.
Building Constraints for 2 error(s)... Done!
Checking SAT with 22748 assertions on stack... Done!
AQS Built, contains 73647 states and 247071 edges. 
AQS contains one or more errors, and may not be complete.
Building Constraints for 2 error(s)... Done!
Checking SAT with 22749 assertions on stack... Done!
AQS Built, contains 29143 states and 100912 edges. 
AQS contains one or more errors, and may not be complete.
Building Constraints for 2 error(s)... Done!
Checking SAT with 22751 assertions on stack... Done!
AQS Built, contains 50252 states and 165623 edges. 
AQS contains one or more errors, and may not be complete.
Building Constraints for 2 error(s)... Done!
Checking SAT with 22752 assertions on stack... Done!
AQS Built, contains 50252 states and 165623 edges. 
AQS contains one or more errors, and may not be complete.
Building Constraints for 2 error(s)... Done!
Checking SAT with 22753 assertions on stack... Done!
AQS Built, contains 50252 states and 165623 edges. 
AQS contains one or more errors, and may not be complete.
Building Constraints for 2 error(s)... Done!
Checking SAT with 22754 assertions on stack... Done!
AQS Built, contains 31954 states and 110339 edges. 
AQS contains one or more errors, and may not be complete.
Building Constraints for 2 error(s)... Done!
Checking SAT with 22755 assertions on stack... Done!
UNSAT! Relaxed bound to 7
Checking SAT with 22755 assertions on stack... Done!
AQS Built, contains 19164 states and 66269 edges. 
AQS contains one or more errors, and may not be complete.
Building Constraints for 2 error(s)... Done!
Checking SAT with 22756 assertions on stack... Done!
AQS Built, contains 19271 states and 66427 edges. 
AQS contains one or more errors, and may not be complete.
Building Constraints for 2 error(s)... Done!
Checking SAT with 22757 assertions on stack... Done!
AQS Built, contains 19271 states and 66427 edges. 
AQS contains one or more errors, and may not be complete.
Building Constraints for 2 error(s)... Done!
Checking SAT with 22758 assertions on stack... Done!
AQS Built, contains 19271 states and 66427 edges. 
AQS contains one or more errors, and may not be complete.
Building Constraints for 2 error(s)... Done!
Checking SAT with 22759 assertions on stack... Done!
AQS Built, contains 19271 states and 66427 edges. 
AQS contains one or more errors, and may not be complete.
Building Constraints for 2 error(s)... Done!
Checking SAT with 22760 assertions on stack... Done!
AQS Built, contains 19271 states and 66427 edges. 
AQS contains one or more errors, and may not be complete.
Building Constraints for 2 error(s)... Done!
Checking SAT with 22761 assertions on stack... Done!
AQS Built, contains 19271 states and 66427 edges. 
AQS contains one or more errors, and may not be complete.
Building Constraints for 2 error(s)... Done!
Checking SAT with 22762 assertions on stack... Done!
AQS Built, contains 19271 states and 66427 edges. 
AQS contains one or more errors, and may not be complete.
Building Constraints for 2 error(s)... Done!
Checking SAT with 22763 assertions on stack... Done!
AQS Built, contains 19271 states and 66427 edges. 
AQS contains one or more errors, and may not be complete.
Building Constraints for 2 error(s)... Done!
Checking SAT with 22764 assertions on stack... Done!
AQS Built, contains 19226 states and 66401 edges. 
AQS contains one or more errors, and may not be complete.
Building Constraints for 2 error(s)... Done!
Checking SAT with 22765 assertions on stack... Done!
AQS Built, contains 19478 states and 66892 edges. 
AQS contains one or more errors, and may not be complete.
Building Constraints for 2 error(s)... Done!
Checking SAT with 22767 assertions on stack... Done!
AQS Built, contains 21798 states and 72988 edges. 
AQS contains one or more errors, and may not be complete.
Building Constraints for 2 error(s)... Done!
Checking SAT with 22769 assertions on stack... Done!
AQS Built, contains 22060 states and 73672 edges. 
AQS contains one or more errors, and may not be complete.
Building Constraints for 2 error(s)... Done!
Checking SAT with 22770 assertions on stack... Done!
AQS Built, contains 26511 states and 87398 edges. 
AQS contains one or more errors, and may not be complete.
Building Constraints for 2 error(s)... Done!
Checking SAT with 22771 assertions on stack... Done!
AQS Built, contains 27923 states and 92264 edges. 
AQS contains one or more errors, and may not be complete.
Building Constraints for 2 error(s)... Done!
Checking SAT with 22772 assertions on stack... Done!
AQS Built, contains 26511 states and 87398 edges. 
AQS contains one or more errors, and may not be complete.
Building Constraints for 2 error(s)... Done!
Checking SAT with 22773 assertions on stack... Done!
AQS Built, contains 26511 states and 87398 edges. 
AQS contains one or more errors, and may not be complete.
Building Constraints for 2 error(s)... Done!
Checking SAT with 22774 assertions on stack... Done!
AQS Built, contains 23073 states and 76144 edges. 
AQS contains one or more errors, and may not be complete.
Building Constraints for 2 error(s)... Done!
Checking SAT with 22775 assertions on stack... Done!
AQS Built, contains 17531 states and 61453 edges. 
AQS contains one or more errors, and may not be complete.
Building Constraints for 2 error(s)... Done!
Checking SAT with 22776 assertions on stack... Done!
AQS Built, contains 21888 states and 75391 edges. 
AQS contains one or more errors, and may not be complete.
Building Constraints for 2 error(s)... Done!
Checking SAT with 22777 assertions on stack... Done!
AQS Built, contains 17531 states and 61453 edges. 
AQS contains one or more errors, and may not be complete.
Building Constraints for 2 error(s)... Done!
Checking SAT with 22778 assertions on stack... Done!
AQS Built, contains 21888 states and 75391 edges. 
AQS contains one or more errors, and may not be complete.
Building Constraints for 2 error(s)... Done!
Checking SAT with 22779 assertions on stack... Done!
AQS Built, contains 17531 states and 61453 edges. 
AQS contains one or more errors, and may not be complete.
Building Constraints for 2 error(s)... Done!
Checking SAT with 22780 assertions on stack... Done!
AQS Built, contains 19450 states and 67235 edges. 
AQS contains one or more errors, and may not be complete.
Building Constraints for 2 error(s)... Done!
Checking SAT with 22781 assertions on stack... Done!
AQS Built, contains 19731 states and 68221 edges. 
Constructing Product...
Product construction complete!
Product Structure contains 47150 states and 157924 edges.
Getting accepting SCCs... 
Found 381 accepting SCCs
Checking Fairness of SCCs...
Getting accepting SCCs... 
Found 16 accepting SCCs
Checking Fairness of SCCs...
Getting accepting SCCs... 
Found 0 accepting SCCs
No accepting SCCs!
No liveness violations found!
Constructing Product...
Product construction complete!
Product Structure contains 63756 states and 211214 edges.
Getting accepting SCCs... 
Found 1428 accepting SCCs
Checking Fairness of SCCs...
Getting accepting SCCs... 
Found 30 accepting SCCs
Checking Fairness of SCCs...
Getting accepting SCCs... 
Found 0 accepting SCCs
No accepting SCCs!
No liveness violations found!
Constructing Product...
Product construction complete!
Product Structure contains 46848 states and 153872 edges.
Getting accepting SCCs... 
Found 267 accepting SCCs
Checking Fairness of SCCs...
Getting accepting SCCs... 
Found 0 accepting SCCs
No accepting SCCs!
No liveness violations found!
Found Correct Completion!
With Bound = 7, Model:
Model for uninterpreted function:
(Update_Directory_8_D_BUSY_WB_DataMsgD2CType_OutMsg.NumAcks ActiveID CacheID NumSharers Owner Sharers[CacheIDType::0] Sharers[CacheIDType::1]) -> {
    CacheIDType::1 CacheIDType::1 1 CacheIDType::0 false false -> 0
    CacheIDType::0 CacheIDType::0 1 CacheIDType::1 false false -> 0
}

Model for uninterpreted function:
(Update_Directory_7_D_BUSY_WB_DataMsgD2CType_OutMsg.Data ActiveID CacheID Data NumSharers Owner Sharers[CacheIDType::0] Sharers[CacheIDType::1]) -> {
    CacheIDType::1 CacheIDType::1 ValueType::0 1 CacheIDType::0 false false -> ValueType::0
    CacheIDType::0 CacheIDType::0 ValueType::0 1 CacheIDType::1 false false -> ValueType::0
    CacheIDType::1 CacheIDType::1 ValueType::1 1 CacheIDType::0 false false -> ValueType::1
    CacheIDType::0 CacheIDType::0 ValueType::1 1 CacheIDType::1 false false -> ValueType::1
}

Model for uninterpreted function:
(Update_Directory_6_D_BUSY_WB_DataMsgD2CType_Sharers[CacheIDType::1] ActiveID CacheID NumSharers Owner Sharers[CacheIDType::0] Sharers[CacheIDType::1]) -> {
    CacheIDType::1 CacheIDType::1 1 CacheIDType::0 false false -> false
    CacheIDType::0 CacheIDType::0 1 CacheIDType::1 false false -> false
}

Model for uninterpreted function:
(Update_Directory_5_D_BUSY_WB_DataMsgD2CType_Sharers[CacheIDType::0] ActiveID CacheID NumSharers Owner Sharers[CacheIDType::0] Sharers[CacheIDType::1]) -> {
    CacheIDType::1 CacheIDType::1 1 CacheIDType::0 false false -> false
    CacheIDType::0 CacheIDType::0 1 CacheIDType::1 false false -> false
}

Model for uninterpreted function:
(Update_Directory_4_D_BUSY_WB_DataMsgD2CType_state ActiveID CacheID NumSharers Owner Sharers[CacheIDType::0] Sharers[CacheIDType::1]) -> {
    CacheIDType::1 CacheIDType::1 1 CacheIDType::0 false false -> D_BUSY
    CacheIDType::0 CacheIDType::0 1 CacheIDType::1 false false -> D_BUSY
}

Model for uninterpreted function:
(Update_Directory_3_D_BUSY_WB_DataMsgD2CType_Owner ActiveID CacheID NumSharers Owner Sharers[CacheIDType::0] Sharers[CacheIDType::1]) -> {
    CacheIDType::1 CacheIDType::1 1 CacheIDType::0 false false -> CacheIDType::0
    CacheIDType::0 CacheIDType::0 1 CacheIDType::1 false false -> CacheIDType::1
}

Model for uninterpreted function:
(SynGuard_Cache_0_C_II_SENDACK_EVAckMsgType AckCounter CacheID Data FwdToCache PendingWrite) -> {
    0 CacheIDType::0 ValueType::undef CacheIDType::undef ValueType::undef -> true
    0 CacheIDType::0 ValueType::undef CacheIDType::undef ValueType::0 -> true
    0 CacheIDType::0 ValueType::0 CacheIDType::undef ValueType::undef -> true
    -1 CacheIDType::0 ValueType::0 CacheIDType::undef ValueType::undef -> true
    0 CacheIDType::0 ValueType::0 CacheIDType::undef ValueType::0 -> true
    0 CacheIDType::0 ValueType::1 CacheIDType::undef ValueType::0 -> true
    0 CacheIDType::1 ValueType::0 CacheIDType::undef ValueType::undef -> true
    1 CacheIDType::1 ValueType::0 CacheIDType::undef ValueType::0 -> true
    0 CacheIDType::1 ValueType::undef CacheIDType::0 ValueType::1 -> true
    0 CacheIDType::1 ValueType::1 CacheIDType::undef ValueType::1 -> true
    0 CacheIDType::1 ValueType::undef CacheIDType::0 ValueType::0 -> true
    1 CacheIDType::1 ValueType::0 CacheIDType::undef ValueType::1 -> true
    1 CacheIDType::1 ValueType::undef CacheIDType::undef ValueType::1 -> true
    0 CacheIDType::1 ValueType::1 CacheIDType::undef ValueType::0 -> true
    1 CacheIDType::1 ValueType::undef CacheIDType::undef ValueType::0 -> true
    0 CacheIDType::1 ValueType::0 CacheIDType::0 ValueType::0 -> true
    0 CacheIDType::1 ValueType::1 CacheIDType::0 ValueType::0 -> true
    0 CacheIDType::1 ValueType::0 CacheIDType::0 ValueType::1 -> true
    0 CacheIDType::1 ValueType::1 CacheIDType::0 ValueType::undef -> true
    0 CacheIDType::1 ValueType::undef CacheIDType::undef ValueType::1 -> true
    0 CacheIDType::1 ValueType::1 CacheIDType::0 ValueType::1 -> true
    0 CacheIDType::1 ValueType::1 CacheIDType::undef ValueType::undef -> true
    0 CacheIDType::1 ValueType::0 CacheIDType::undef ValueType::1 -> true
    0 CacheIDType::1 ValueType::0 CacheIDType::undef ValueType::0 -> true
    0 CacheIDType::1 ValueType::undef CacheIDType::0 ValueType::undef -> true
    0 CacheIDType::1 ValueType::0 CacheIDType::0 ValueType::undef -> true
    1 CacheIDType::1 ValueType::1 CacheIDType::undef ValueType::1 -> true
    0 CacheIDType::1 ValueType::undef CacheIDType::undef ValueType::0 -> true
    1 CacheIDType::1 ValueType::1 CacheIDType::undef ValueType::0 -> true
    0 CacheIDType::1 ValueType::undef CacheIDType::undef ValueType::undef -> true
}

Model for uninterpreted function:
(Update_Cache_0_C_II_SENDACK_EVAckMsgType_AckCounter AckCounter CacheID Data FwdToCache PendingWrite) -> {
    0 CacheIDType::0 ValueType::undef CacheIDType::undef ValueType::undef -> 0
    0 CacheIDType::1 ValueType::undef CacheIDType::undef ValueType::undef -> 0
}

Model for uninterpreted function:
(Update_Cache_1_C_II_SENDACK_EVAckMsgType_Data AckCounter CacheID Data FwdToCache PendingWrite) -> {
    0 CacheIDType::0 ValueType::undef CacheIDType::undef ValueType::undef -> ValueType::undef
    0 CacheIDType::1 ValueType::undef CacheIDType::undef ValueType::undef -> ValueType::undef
}

Model for uninterpreted function:
(Update_Cache_2_C_II_SENDACK_EVAckMsgType_FwdToCache AckCounter CacheID Data FwdToCache PendingWrite) -> {
    0 CacheIDType::0 ValueType::undef CacheIDType::undef ValueType::undef -> CacheIDType::undef
    0 CacheIDType::1 ValueType::undef CacheIDType::undef ValueType::undef -> CacheIDType::undef
}

Model for uninterpreted function:
(Update_Cache_3_C_II_SENDACK_EVAckMsgType_PendingWrite AckCounter CacheID Data FwdToCache PendingWrite) -> {
    0 CacheIDType::0 ValueType::undef CacheIDType::undef ValueType::undef -> ValueType::undef
    0 CacheIDType::1 ValueType::undef CacheIDType::undef ValueType::undef -> ValueType::undef
}

Model for uninterpreted function:
(Update_Cache_4_C_II_SENDACK_EVAckMsgType_state AckCounter CacheID Data FwdToCache PendingWrite) -> {
    0 CacheIDType::0 ValueType::undef CacheIDType::undef ValueType::undef -> C_I
    0 CacheIDType::1 ValueType::undef CacheIDType::undef ValueType::undef -> C_I
}

Model for uninterpreted function:
(SynGuard_Directory_0_D_BUSY_WB_DataMsgD2CType ActiveID CacheID NumSharers Owner Sharers[CacheIDType::0] Sharers[CacheIDType::1]) -> {
    CacheIDType::undef CacheIDType::1 0 CacheIDType::undef false false -> false
    CacheIDType::0 CacheIDType::1 0 CacheIDType::undef false false -> false
    CacheIDType::1 CacheIDType::1 2 CacheIDType::0 false true -> false
    CacheIDType::undef CacheIDType::1 1 CacheIDType::1 false true -> false
    CacheIDType::undef CacheIDType::1 1 CacheIDType::0 true false -> false
    CacheIDType::0 CacheIDType::1 1 CacheIDType::1 false true -> false
    CacheIDType::1 CacheIDType::1 1 CacheIDType::undef false true -> false
    CacheIDType::0 CacheIDType::1 1 CacheIDType::undef false false -> false
    CacheIDType::1 CacheIDType::1 1 CacheIDType::undef true false -> false
    CacheIDType::1 CacheIDType::1 1 CacheIDType::1 false false -> false
    CacheIDType::undef CacheIDType::1 2 CacheIDType::undef true true -> false
    CacheIDType::0 CacheIDType::1 1 CacheIDType::0 false false -> false
    CacheIDType::1 CacheIDType::1 0 CacheIDType::1 false false -> false
    CacheIDType::1 CacheIDType::1 0 CacheIDType::0 false false -> false
    CacheIDType::1 CacheIDType::1 1 CacheIDType::0 false false -> true
    CacheIDType::0 CacheIDType::1 2 CacheIDType::1 true true -> false
    CacheIDType::undef CacheIDType::1 1 CacheIDType::undef true false -> false
    CacheIDType::1 CacheIDType::1 2 CacheIDType::0 true true -> false
    CacheIDType::0 CacheIDType::1 2 CacheIDType::1 true false -> false
    CacheIDType::0 CacheIDType::1 2 CacheIDType::undef true false -> false
    CacheIDType::1 CacheIDType::1 2 CacheIDType::1 true true -> false
    CacheIDType::0 CacheIDType::1 2 CacheIDType::undef true true -> false
    CacheIDType::0 CacheIDType::1 2 CacheIDType::0 true true -> false
    CacheIDType::1 CacheIDType::1 2 CacheIDType::1 false true -> false
    CacheIDType::0 CacheIDType::1 2 CacheIDType::0 true false -> false
    CacheIDType::0 CacheIDType::0 2 CacheIDType::1 true false -> false
    CacheIDType::1 CacheIDType::1 1 CacheIDType::0 true false -> false
    CacheIDType::0 CacheIDType::0 1 CacheIDType::undef false false -> false
    CacheIDType::0 CacheIDType::0 1 CacheIDType::1 false false -> true
    CacheIDType::1 CacheIDType::1 0 CacheIDType::undef false false -> false
    CacheIDType::1 CacheIDType::0 2 CacheIDType::0 true true -> false
    CacheIDType::0 CacheIDType::0 2 CacheIDType::0 true false -> false
    CacheIDType::1 CacheIDType::0 1 CacheIDType::0 false false -> false
    CacheIDType::1 CacheIDType::0 2 CacheIDType::0 false true -> false
    CacheIDType::1 CacheIDType::1 2 CacheIDType::undef true true -> false
    CacheIDType::0 CacheIDType::0 1 CacheIDType::undef true false -> false
    CacheIDType::1 CacheIDType::1 1 CacheIDType::undef false false -> false
    CacheIDType::1 CacheIDType::0 2 CacheIDType::1 true true -> false
    CacheIDType::1 CacheIDType::0 2 CacheIDType::undef false true -> false
    CacheIDType::0 CacheIDType::1 0 CacheIDType::1 false false -> false
    CacheIDType::0 CacheIDType::0 2 CacheIDType::undef true false -> false
    CacheIDType::undef CacheIDType::1 1 CacheIDType::undef false true -> false
    CacheIDType::1 CacheIDType::0 0 CacheIDType::0 false false -> false
    CacheIDType::0 CacheIDType::0 0 CacheIDType::0 false false -> false
    CacheIDType::0 CacheIDType::0 0 CacheIDType::1 false false -> false
    CacheIDType::0 CacheIDType::0 2 CacheIDType::undef true true -> false
    CacheIDType::1 CacheIDType::0 1 CacheIDType::0 true false -> false
    CacheIDType::1 CacheIDType::0 1 CacheIDType::1 false false -> false
    CacheIDType::0 CacheIDType::0 2 CacheIDType::0 true true -> false
    CacheIDType::1 CacheIDType::0 0 CacheIDType::1 false false -> false
    CacheIDType::1 CacheIDType::0 1 CacheIDType::undef false false -> false
    CacheIDType::undef CacheIDType::0 1 CacheIDType::undef true false -> false
    CacheIDType::1 CacheIDType::1 2 CacheIDType::undef false true -> false
    CacheIDType::undef CacheIDType::0 1 CacheIDType::undef false true -> false
    CacheIDType::0 CacheIDType::1 1 CacheIDType::undef false true -> false
    CacheIDType::0 CacheIDType::1 0 CacheIDType::0 false false -> false
    CacheIDType::1 CacheIDType::0 1 CacheIDType::undef false true -> false
    CacheIDType::0 CacheIDType::0 1 CacheIDType::1 false true -> false
    CacheIDType::0 CacheIDType::0 2 CacheIDType::1 true true -> false
    CacheIDType::0 CacheIDType::0 1 CacheIDType::0 false false -> false
    CacheIDType::1 CacheIDType::0 0 CacheIDType::undef false false -> false
    CacheIDType::0 CacheIDType::1 1 CacheIDType::1 false false -> false
    CacheIDType::undef CacheIDType::0 0 CacheIDType::undef false false -> false
    CacheIDType::1 CacheIDType::0 1 CacheIDType::undef true false -> false
    CacheIDType::0 CacheIDType::0 1 CacheIDType::undef false true -> false
    CacheIDType::undef CacheIDType::0 1 CacheIDType::0 true false -> false
    CacheIDType::1 CacheIDType::0 2 CacheIDType::1 false true -> false
    CacheIDType::undef CacheIDType::0 1 CacheIDType::1 false true -> false
    CacheIDType::undef CacheIDType::0 2 CacheIDType::undef true true -> false
    CacheIDType::0 CacheIDType::0 0 CacheIDType::undef false false -> false
    CacheIDType::0 CacheIDType::1 1 CacheIDType::undef true false -> false
    CacheIDType::1 CacheIDType::0 2 CacheIDType::undef true true -> false
}

Model for uninterpreted function:
(Update_Directory_0_D_BUSY_WB_DataMsgD2CType_ActiveID ActiveID CacheID NumSharers Owner Sharers[CacheIDType::0] Sharers[CacheIDType::1]) -> {
    CacheIDType::1 CacheIDType::1 1 CacheIDType::0 false false -> CacheIDType::1
    CacheIDType::0 CacheIDType::0 1 CacheIDType::1 false false -> CacheIDType::0
}

Model for uninterpreted function:
(Update_Directory_1_D_BUSY_WB_DataMsgD2CType_Data ActiveID CacheID Data NumSharers Owner Sharers[CacheIDType::0] Sharers[CacheIDType::1]) -> {
    CacheIDType::1 CacheIDType::1 ValueType::0 1 CacheIDType::0 false false -> ValueType::0
    CacheIDType::0 CacheIDType::0 ValueType::0 1 CacheIDType::1 false false -> ValueType::0
    CacheIDType::1 CacheIDType::1 ValueType::1 1 CacheIDType::0 false false -> ValueType::1
    CacheIDType::0 CacheIDType::0 ValueType::1 1 CacheIDType::1 false false -> ValueType::1
}

Model for uninterpreted function:
(Update_Directory_2_D_BUSY_WB_DataMsgD2CType_NumSharers ActiveID CacheID NumSharers Owner Sharers[CacheIDType::0] Sharers[CacheIDType::1]) -> {
    CacheIDType::1 CacheIDType::1 1 CacheIDType::0 false false -> 0
    CacheIDType::0 CacheIDType::0 1 CacheIDType::1 false false -> 0
}

Solver Stats:

----------------------------------------------------------------
Solve Time: 298.315 (s)
Initial Asserts: 22524
Final Asserts: 22781
Num Iterations: 217
Total SMT Time: 31648166 (uS)
Min SMT Time: 750 (uS)
Max SMT Time: 2560016 (uS)
Avg SMT Time: 145844 (uS)
Final Bound: 7
----------------------------------------------------------------
Z3 Solver Stats:

----------------------------------------------------------------
(:add-rows                104462
 :added-eqs               24328627
 :arith-conflicts         539
 :assert-diseq            1963803
 :assert-lower            762134
 :assert-upper            3336182
 :binary-propagations     11049346
 :bound-prop              22430
 :conflicts               2064
 :datatype-accessor-ax    396
 :datatype-constructor-ax 536809
 :datatype-occurs-check   9533
 :datatype-splits         181095
 :decisions               303629
 :del-clause              132506
 :eq-adapter              1759400
 :final-checks            209
 :fixed-eqs               318538
 :minimized-lits          3689
 :mk-clause               143985
 :num-checks              216
 :offset-eqs              263857
 :pivots                  53152
 :propagations            12816249
 :restarts                9)
----------------------------------------------------------------
